<?xml version="1.0" encoding="UTF-8"?>
<!-- Generated by org.testng.reporters.JUnitReportReporter -->
<testsuite hostname="DESKTOP-HSK0LON" failures="0" tests="1" name="findingElements.findByElements" time="0.590" errors="0" timestamp="2023-02-09T22:26:40 EET" skipped="0">
  <testcase classname="findingElements.findByElements" name="testFindElements" time="0.590"/>
  <system-out/>
</testsuite> <!-- findingElements.findByElements -->
