<?xml version="1.0" encoding="UTF-8"?>
<!-- Generated by org.testng.reporters.JUnitReportReporter -->
<testsuite hostname="DESKTOP-HSK0LON" failures="0" tests="1" name="workWithElements.DragAndDropActions" time="0.315" errors="0" timestamp="2023-04-02T00:35:24 EET" skipped="0">
  <testcase classname="workWithElements.DragAndDropActions" name="DragAndDrop" time="0.315"/>
  <system-out/>
</testsuite> <!-- workWithElements.DragAndDropActions -->
