<?xml version="1.0" encoding="UTF-8"?>
<!-- Generated by org.testng.reporters.JUnitReportReporter -->
<testsuite hostname="DESKTOP-HSK0LON" failures="0" tests="1" name="workWithElements.PromptAlert" time="0.117" errors="0" timestamp="2023-04-03T19:59:36 EET" skipped="0">
  <testcase classname="workWithElements.PromptAlert" name="testAlert" time="0.117"/>
  <system-out/>
</testsuite> <!-- workWithElements.PromptAlert -->
