<?xml version="1.0" encoding="UTF-8"?>
<!-- Generated by org.testng.reporters.JUnitReportReporter -->
<testsuite hostname="DESKTOP-HSK0LON" failures="0" tests="1" name="findingElements.eva" time="3.442" errors="0" timestamp="2023-08-15T23:36:33 EET" skipped="0">
  <testcase classname="findingElements.eva" name="test" time="3.442"/>
  <system-out/>
</testsuite> <!-- findingElements.eva -->
