<?xml version="1.0" encoding="UTF-8"?>
<!-- Generated by org.testng.reporters.JUnitReportReporter -->
<testsuite hostname="DESKTOP-HSK0LON" failures="0" tests="1" name="workWithElements.textBoxsAndButton" time="0.640" errors="0" timestamp="2023-02-25T16:02:13 EET" skipped="0">
  <testcase classname="workWithElements.textBoxsAndButton" name="loginScreen" time="0.640"/>
  <system-out/>
</testsuite> <!-- workWithElements.textBoxsAndButton -->
