<?xml version="1.0" encoding="UTF-8"?>
<!-- Generated by org.testng.reporters.JUnitReportReporter -->
<testsuite hostname="DESKTOP-HSK0LON" failures="0" tests="1" name="findingElements.findElementByID" time="0.055" errors="0" timestamp="2023-02-08T00:19:25 EET" skipped="0">
  <testcase classname="findingElements.findElementByID" name="findElementsByID" time="0.055"/>
  <system-out/>
</testsuite> <!-- findingElements.findElementByID -->
