<?xml version="1.0" encoding="UTF-8"?>
<!-- Generated by org.testng.reporters.JUnitReportReporter -->
<testsuite hostname="DESKTOP-HSK0LON" failures="0" tests="1" name="workWithElements.workingWithDropdownList" time="0.125" errors="0" timestamp="2023-03-02T19:30:36 EET" skipped="0">
  <testcase classname="workWithElements.workingWithDropdownList" name="testDropDownlist" time="0.125"/>
  <system-out/>
</testsuite> <!-- workWithElements.workingWithDropdownList -->
