<?xml version="1.0" encoding="UTF-8"?>
<!-- Generated by org.testng.reporters.JUnitReportReporter -->
<testsuite hostname="DESKTOP-HSK0LON" failures="0" tests="1" name="findingElements.eva" time="1.614" errors="0" timestamp="2023-08-14T03:31:50 EET" skipped="0">
  <testcase classname="findingElements.eva" name="test" time="1.614"/>
  <system-out/>
</testsuite> <!-- findingElements.eva -->
