<?xml version="1.0" encoding="UTF-8"?>
<!-- Generated by org.testng.reporters.JUnitReportReporter -->
<testsuite hostname="DESKTOP-HSK0LON" failures="0" tests="1" name="findingElements.findingElementByTagName" time="0.430" errors="0" timestamp="2023-02-08T01:49:44 EET" skipped="0">
  <testcase classname="findingElements.findingElementByTagName" name="findElementsByname" time="0.430"/>
  <system-out/>
</testsuite> <!-- findingElements.findingElementByTagName -->
