<?xml version="1.0" encoding="UTF-8"?>
<!-- Generated by org.testng.reporters.JUnitReportReporter -->
<testsuite hostname="DESKTOP-HSK0LON" failures="0" tests="1" name="findingElements.findingElementInTableByTagName" time="0.038" errors="0" timestamp="2023-02-08T01:58:04 EET" skipped="0">
  <testcase classname="findingElements.findingElementInTableByTagName" name="findElementsByname" time="0.038"/>
  <system-out/>
</testsuite> <!-- findingElements.findingElementInTableByTagName -->
