<?xml version="1.0" encoding="UTF-8"?>
<!-- Generated by org.testng.reporters.JUnitReportReporter -->
<testsuite hostname="DESKTOP-HSK0LON" failures="0" tests="1" name="workWithElements.DoubleClickWithAction" time="3.206" errors="0" timestamp="2023-04-01T21:06:20 EET" skipped="0">
  <testcase classname="workWithElements.DoubleClickWithAction" name="DoubleClickTest" time="3.206"/>
  <system-out/>
</testsuite> <!-- workWithElements.DoubleClickWithAction -->
