<?xml version="1.0" encoding="UTF-8"?>
<!-- Generated by org.testng.reporters.JUnitReportReporter -->
<testsuite hostname="DESKTOP-HSK0LON" failures="0" tests="1" name="workWithElements.Alerts" time="0.077" errors="0" timestamp="2023-04-03T16:22:43 EET" skipped="0">
  <testcase classname="workWithElements.Alerts" name="testAlert" time="0.077"/>
  <system-out/>
</testsuite> <!-- workWithElements.Alerts -->
