<?xml version="1.0" encoding="UTF-8"?>
<!-- Generated by org.testng.reporters.JUnitReportReporter -->
<testsuite hostname="DESKTOP-HSK0LON" failures="0" tests="1" name="findingElements.findElementBYName" time="0.047" errors="0" timestamp="2023-02-08T01:29:11 EET" skipped="0">
  <testcase classname="findingElements.findElementBYName" name="findElementsByname" time="0.047"/>
  <system-out/>
</testsuite> <!-- findingElements.findElementBYName -->
