<?xml version="1.0" encoding="UTF-8"?>
<!-- Generated by org.testng.reporters.JUnitReportReporter -->
<testsuite hostname="DESKTOP-HSK0LON" failures="0" tests="2" name="findingElements.findElementsByXpath" time="0.096" errors="0" timestamp="2023-02-15T03:34:30 EET" skipped="1">
  <testcase classname="findingElements.findElementsByXpath" name="findElementsByRelativeXpath" time="0.096"/>
  <system-out/>
  <testcase classname="findingElements.findElementsByXpath" name="findElementsByAbsoulteXpath">
    <skipped/>
  </testcase> <!-- findElementsByAbsoulteXpath -->
  <system-out/>
</testsuite> <!-- findingElements.findElementsByXpath -->
