<?xml version="1.0" encoding="UTF-8"?>
<!-- Generated by org.testng.reporters.JUnitReportReporter -->
<testsuite hostname="DESKTOP-HSK0LON" failures="0" tests="1" name="findingElements.TestBrowserCommands" time="0.838" errors="0" timestamp="2023-02-22T00:16:05 EET" skipped="0">
  <testcase classname="findingElements.TestBrowserCommands" name="testBrowserCommands" time="0.838"/>
  <system-out/>
</testsuite> <!-- findingElements.TestBrowserCommands -->
